0 info it worked if it ends with ok
1 verbose cli [ 'C:\\Program Files\\nodejs\\node.exe',
1 verbose cli   'C:\\Program Files\\nodejs\\node_modules\\npm\\bin\\npm-cli.js',
1 verbose cli   'start' ]
2 info using npm@4.1.2
3 info using node@v7.7.1
4 verbose run-script [ 'prestart', 'start', 'poststart' ]
5 info lifecycle BigPoopData_Backend@0.5.0~prestart: BigPoopData_Backend@0.5.0
6 silly lifecycle BigPoopData_Backend@0.5.0~prestart: no script for prestart, continuing
7 info lifecycle BigPoopData_Backend@0.5.0~start: BigPoopData_Backend@0.5.0
8 verbose lifecycle BigPoopData_Backend@0.5.0~start: unsafe-perm in lifecycle true
9 verbose lifecycle BigPoopData_Backend@0.5.0~start: PATH: C:\Program Files\nodejs\node_modules\npm\bin\node-gyp-bin;C:\Users\Funiel\Dropbox\03 Schule\4aHMNM\02 MPRO\02\BPD-Backend\node_modules\.bin;C:\Program Files (x86)\Common Files\Intel\Shared Libraries\redist\intel64\compiler;C:\ProgramData\Oracle\Java\javapath;C:\Python35\Scripts\;C:\Python35\;C:\Program Files\Dell\DW WLAN Card;C:\Windows\system32;C:\Windows;C:\Windows\System32\Wbem;C:\Windows\System32\WindowsPowerShell\v1.0\;C:\ProgramData\chocolatey\bin;C:\Program Files\Git\cmd;C:\Users\Funiel\.dnx\bin;C:\Program Files\Microsoft DNX\Dnvm\;C:\Program Files\Microsoft SQL Server\130\Tools\Binn\;C:\Program Files (x86)\GtkSharp\2.12\bin;C:\Program Files (x86)\NVIDIA Corporation\PhysX\Common;C:\Program Files (x86)\QuickTime\QTSystem\;C:\Program Files (x86)\Windows Kits\8.1\Windows Performance Toolkit\;C:\ProgramData\chocolatey\lib\mpv.portable\tools;C:\Program Files (x86)\Brackets\command;C:\Program Files\nodejs\;C:\Users\Funiel\AppData\Local\Microsoft\WindowsApps;C:\Program Files (x86)\Nmap;C:\Users\Funiel\AppData\Local\atom\bin;C:\Users\Funiel\AppData\Roaming\npm
10 verbose lifecycle BigPoopData_Backend@0.5.0~start: CWD: C:\Users\Funiel\Dropbox\03 Schule\4aHMNM\02 MPRO\02\BPD-Backend
11 silly lifecycle BigPoopData_Backend@0.5.0~start: Args: [ '/d /s /c', 'node index.js' ]
12 silly lifecycle BigPoopData_Backend@0.5.0~start: Returned: code: 1  signal: null
13 info lifecycle BigPoopData_Backend@0.5.0~start: Failed to exec start script
14 verbose stack Error: BigPoopData_Backend@0.5.0 start: `node index.js`
14 verbose stack Exit status 1
14 verbose stack     at EventEmitter.<anonymous> (C:\Program Files\nodejs\node_modules\npm\lib\utils\lifecycle.js:279:16)
14 verbose stack     at emitTwo (events.js:106:13)
14 verbose stack     at EventEmitter.emit (events.js:194:7)
14 verbose stack     at ChildProcess.<anonymous> (C:\Program Files\nodejs\node_modules\npm\lib\utils\spawn.js:40:14)
14 verbose stack     at emitTwo (events.js:106:13)
14 verbose stack     at ChildProcess.emit (events.js:194:7)
14 verbose stack     at maybeClose (internal/child_process.js:899:16)
14 verbose stack     at Process.ChildProcess._handle.onexit (internal/child_process.js:226:5)
15 verbose pkgid BigPoopData_Backend@0.5.0
16 verbose cwd C:\Users\Funiel\Dropbox\03 Schule\4aHMNM\02 MPRO\02\BPD-Backend\public
17 error Windows_NT 10.0.14393
18 error argv "C:\\Program Files\\nodejs\\node.exe" "C:\\Program Files\\nodejs\\node_modules\\npm\\bin\\npm-cli.js" "start"
19 error node v7.7.1
20 error npm  v4.1.2
21 error code ELIFECYCLE
22 error BigPoopData_Backend@0.5.0 start: `node index.js`
22 error Exit status 1
23 error Failed at the BigPoopData_Backend@0.5.0 start script 'node index.js'.
23 error Make sure you have the latest version of node.js and npm installed.
23 error If you do, this is most likely a problem with the BigPoopData_Backend package,
23 error not with npm itself.
23 error Tell the author that this fails on your system:
23 error     node index.js
23 error You can get information on how to open an issue for this project with:
23 error     npm bugs BigPoopData_Backend
23 error Or if that isn't available, you can get their info via:
23 error     npm owner ls BigPoopData_Backend
23 error There is likely additional logging output above.
24 verbose exit [ 1, true ]
